<?xml version="1.0" encoding="UTF-8"?>
<!-- Generated by org.testng.reporters.JUnitReportReporter -->
<testsuite skipped="0" hostname="T-I-N-A" name="AzureWebhosting.website1automation.automation" tests="1" failures="0" timestamp="2021-07-27T22:10:37 AEST" time="5.045" errors="0">
  <testcase name="automation1" time="5.045" classname="AzureWebhosting.website1automation.automation"/>
  <system-out/>
</testsuite> <!-- AzureWebhosting.website1automation.automation -->
